app/build/intermediates/manifest_merge_blame_file/release/manifest-merger-blame-release-report.txt
1<?xml version="1.0" encoding="utf-8"?>
2<manifest xmlns:android="http://schemas.android.com/apk/res/android"
3    package="com.ultraaudio.recorder"
4    android:versionCode="1"
5    android:versionName="1.0" >
6
7    <uses-sdk
8        android:minSdkVersion="21"
9        android:targetSdkVersion="34" />
10
11    <!-- Audio Recording Permissions -->
12    <uses-permission android:name="android.permission.RECORD_AUDIO" />
12-->src/main/AndroidManifest.xml:6:5-71
12-->src/main/AndroidManifest.xml:6:22-68
13    <uses-permission android:name="android.permission.MODIFY_AUDIO_SETTINGS" />
13-->src/main/AndroidManifest.xml:7:5-80
13-->src/main/AndroidManifest.xml:7:22-77
14
15    <!-- USB Permissions -->
16    <uses-permission android:name="android.permission.USB_PERMISSION" />
16-->src/main/AndroidManifest.xml:10:5-73
16-->src/main/AndroidManifest.xml:10:22-70
17
18    <!-- Bluetooth Permissions -->
19    <uses-permission android:name="android.permission.BLUETOOTH" />
19-->src/main/AndroidManifest.xml:13:5-68
19-->src/main/AndroidManifest.xml:13:22-65
20    <uses-permission android:name="android.permission.BLUETOOTH_ADMIN" />
20-->src/main/AndroidManifest.xml:14:5-74
20-->src/main/AndroidManifest.xml:14:22-71
21    <uses-permission android:name="android.permission.BLUETOOTH_CONNECT" />
21-->src/main/AndroidManifest.xml:15:5-76
21-->src/main/AndroidManifest.xml:15:22-73
22    <uses-permission android:name="android.permission.BLUETOOTH_SCAN" />
22-->src/main/AndroidManifest.xml:16:5-73
22-->src/main/AndroidManifest.xml:16:22-70
23
24    <!-- Storage Permissions -->
25    <uses-permission
25-->src/main/AndroidManifest.xml:19:5-20:38
26        android:name="android.permission.WRITE_EXTERNAL_STORAGE"
26-->src/main/AndroidManifest.xml:19:22-78
27        android:maxSdkVersion="32" />
27-->src/main/AndroidManifest.xml:20:9-35
28    <uses-permission
28-->src/main/AndroidManifest.xml:21:5-22:38
29        android:name="android.permission.READ_EXTERNAL_STORAGE"
29-->src/main/AndroidManifest.xml:21:22-77
30        android:maxSdkVersion="32" />
30-->src/main/AndroidManifest.xml:22:9-35
31    <uses-permission android:name="android.permission.READ_MEDIA_AUDIO" />
31-->src/main/AndroidManifest.xml:23:5-75
31-->src/main/AndroidManifest.xml:23:22-72
32
33    <!-- Foreground Service -->
34    <uses-permission android:name="android.permission.FOREGROUND_SERVICE" />
34-->src/main/AndroidManifest.xml:26:5-77
34-->src/main/AndroidManifest.xml:26:22-74
35    <uses-permission android:name="android.permission.FOREGROUND_SERVICE_MICROPHONE" />
35-->src/main/AndroidManifest.xml:27:5-88
35-->src/main/AndroidManifest.xml:27:22-85
36    <uses-permission android:name="android.permission.POST_NOTIFICATIONS" />
36-->src/main/AndroidManifest.xml:28:5-77
36-->src/main/AndroidManifest.xml:28:22-74
37    <uses-permission android:name="android.permission.WAKE_LOCK" />
37-->src/main/AndroidManifest.xml:29:5-68
37-->src/main/AndroidManifest.xml:29:22-65
38
39    <!-- Network for array sync -->
40    <uses-permission android:name="android.permission.INTERNET" />
40-->src/main/AndroidManifest.xml:32:5-67
40-->src/main/AndroidManifest.xml:32:22-64
41    <uses-permission android:name="android.permission.ACCESS_NETWORK_STATE" />
41-->src/main/AndroidManifest.xml:33:5-79
41-->src/main/AndroidManifest.xml:33:22-76
42    <uses-permission android:name="android.permission.ACCESS_WIFI_STATE" />
42-->src/main/AndroidManifest.xml:34:5-76
42-->src/main/AndroidManifest.xml:34:22-73
43
44    <!-- USB Feature -->
45    <uses-feature
45-->src/main/AndroidManifest.xml:37:5-87
46        android:name="android.hardware.usb.host"
46-->src/main/AndroidManifest.xml:37:19-59
47        android:required="false" />
47-->src/main/AndroidManifest.xml:37:60-84
48    <uses-feature
48-->src/main/AndroidManifest.xml:38:5-88
49        android:name="android.hardware.microphone"
49-->src/main/AndroidManifest.xml:38:19-61
50        android:required="true" />
50-->src/main/AndroidManifest.xml:38:62-85
51    <uses-feature
51-->src/main/AndroidManifest.xml:39:5-88
52        android:name="android.hardware.bluetooth"
52-->src/main/AndroidManifest.xml:39:19-60
53        android:required="false" />
53-->src/main/AndroidManifest.xml:39:61-85
54
55    <permission
55-->[androidx.core:core:1.13.0] AndroidManifest.xml:22:5-24:47
56        android:name="com.ultraaudio.recorder.DYNAMIC_RECEIVER_NOT_EXPORTED_PERMISSION"
56-->[androidx.core:core:1.13.0] AndroidManifest.xml:23:9-81
57        android:protectionLevel="signature" />
57-->[androidx.core:core:1.13.0] AndroidManifest.xml:24:9-44
58
59    <uses-permission android:name="com.ultraaudio.recorder.DYNAMIC_RECEIVER_NOT_EXPORTED_PERMISSION" />
59-->[androidx.core:core:1.13.0] AndroidManifest.xml:26:5-97
59-->[androidx.core:core:1.13.0] AndroidManifest.xml:26:22-94
60
61    <application
61-->src/main/AndroidManifest.xml:41:5-98:19
62        android:allowBackup="true"
62-->src/main/AndroidManifest.xml:42:9-35
63        android:appComponentFactory="androidx.core.app.CoreComponentFactory"
63-->[androidx.core:core:1.13.0] AndroidManifest.xml:28:18-86
64        android:extractNativeLibs="true"
65        android:icon="@drawable/ic_launcher"
65-->src/main/AndroidManifest.xml:43:9-45
66        android:label="@string/app_name"
66-->src/main/AndroidManifest.xml:44:9-41
67        android:roundIcon="@drawable/ic_launcher"
67-->src/main/AndroidManifest.xml:45:9-50
68        android:supportsRtl="true"
68-->src/main/AndroidManifest.xml:46:9-35
69        android:theme="@style/Theme.UltraAudioRecorder"
69-->src/main/AndroidManifest.xml:47:9-56
70        android:usesCleartextTraffic="true" >
70-->src/main/AndroidManifest.xml:48:9-44
71        <activity
71-->src/main/AndroidManifest.xml:51:9-67:20
72            android:name="com.ultraaudio.recorder.ui.MainActivity"
72-->src/main/AndroidManifest.xml:52:13-44
73            android:configChanges="orientation|screenSize|keyboardHidden"
73-->src/main/AndroidManifest.xml:54:13-74
74            android:exported="true"
74-->src/main/AndroidManifest.xml:53:13-36
75            android:launchMode="singleTop"
75-->src/main/AndroidManifest.xml:55:13-43
76            android:screenOrientation="portrait" >
76-->src/main/AndroidManifest.xml:56:13-49
77            <intent-filter>
77-->src/main/AndroidManifest.xml:57:13-60:29
78                <action android:name="android.intent.action.MAIN" />
78-->src/main/AndroidManifest.xml:58:17-69
78-->src/main/AndroidManifest.xml:58:25-66
79
80                <category android:name="android.intent.category.LAUNCHER" />
80-->src/main/AndroidManifest.xml:59:17-77
80-->src/main/AndroidManifest.xml:59:27-74
81            </intent-filter>
82            <intent-filter>
82-->src/main/AndroidManifest.xml:61:13-63:29
83                <action android:name="android.hardware.usb.action.USB_DEVICE_ATTACHED" />
83-->src/main/AndroidManifest.xml:62:17-90
83-->src/main/AndroidManifest.xml:62:25-87
84            </intent-filter>
85
86            <meta-data
86-->src/main/AndroidManifest.xml:64:13-66:61
87                android:name="android.hardware.usb.action.USB_DEVICE_ATTACHED"
87-->src/main/AndroidManifest.xml:65:17-79
88                android:resource="@xml/usb_device_filter" />
88-->src/main/AndroidManifest.xml:66:17-58
89        </activity>
90        <activity
90-->src/main/AndroidManifest.xml:69:9-72:48
91            android:name="com.ultraaudio.recorder.ui.SettingsActivity"
91-->src/main/AndroidManifest.xml:70:13-48
92            android:exported="false"
92-->src/main/AndroidManifest.xml:71:13-37
93            android:label="@string/settings" />
93-->src/main/AndroidManifest.xml:72:13-45
94
95        <service
95-->src/main/AndroidManifest.xml:74:9-77:58
96            android:name="com.ultraaudio.recorder.service.AudioRecordingService"
96-->src/main/AndroidManifest.xml:75:13-58
97            android:exported="false"
97-->src/main/AndroidManifest.xml:76:13-37
98            android:foregroundServiceType="microphone" />
98-->src/main/AndroidManifest.xml:77:13-55
99
100        <provider
101            android:name="androidx.core.content.FileProvider"
101-->src/main/AndroidManifest.xml:80:13-62
102            android:authorities="com.ultraaudio.recorder.provider"
102-->src/main/AndroidManifest.xml:81:13-60
103            android:exported="false"
103-->src/main/AndroidManifest.xml:82:13-37
104            android:grantUriPermissions="true" >
104-->src/main/AndroidManifest.xml:83:13-47
105            <meta-data
105-->src/main/AndroidManifest.xml:84:13-86:54
106                android:name="android.support.FILE_PROVIDER_PATHS"
106-->src/main/AndroidManifest.xml:85:17-67
107                android:resource="@xml/file_paths" />
107-->src/main/AndroidManifest.xml:86:17-51
108        </provider>
109
110        <receiver
110-->src/main/AndroidManifest.xml:89:9-96:20
111            android:name="com.ultraaudio.recorder.audio.UsbAudioReceiver"
111-->src/main/AndroidManifest.xml:90:13-51
112            android:exported="true" >
112-->src/main/AndroidManifest.xml:91:13-36
113            <intent-filter>
113-->src/main/AndroidManifest.xml:92:13-95:29
114                <action android:name="android.hardware.usb.action.USB_DEVICE_ATTACHED" />
114-->src/main/AndroidManifest.xml:62:17-90
114-->src/main/AndroidManifest.xml:62:25-87
115                <action android:name="android.hardware.usb.action.USB_DEVICE_DETACHED" />
115-->src/main/AndroidManifest.xml:94:17-90
115-->src/main/AndroidManifest.xml:94:25-87
116            </intent-filter>
117        </receiver>
118
119        <provider
119-->[androidx.emoji2:emoji2:1.3.0] AndroidManifest.xml:24:9-32:20
120            android:name="androidx.startup.InitializationProvider"
120-->[androidx.emoji2:emoji2:1.3.0] AndroidManifest.xml:25:13-67
121            android:authorities="com.ultraaudio.recorder.androidx-startup"
121-->[androidx.emoji2:emoji2:1.3.0] AndroidManifest.xml:26:13-68
122            android:exported="false" >
122-->[androidx.emoji2:emoji2:1.3.0] AndroidManifest.xml:27:13-37
123            <meta-data
123-->[androidx.emoji2:emoji2:1.3.0] AndroidManifest.xml:29:13-31:52
124                android:name="androidx.emoji2.text.EmojiCompatInitializer"
124-->[androidx.emoji2:emoji2:1.3.0] AndroidManifest.xml:30:17-75
125                android:value="androidx.startup" />
125-->[androidx.emoji2:emoji2:1.3.0] AndroidManifest.xml:31:17-49
126            <meta-data
126-->[androidx.lifecycle:lifecycle-process:2.6.2] AndroidManifest.xml:29:13-31:52
127                android:name="androidx.lifecycle.ProcessLifecycleInitializer"
127-->[androidx.lifecycle:lifecycle-process:2.6.2] AndroidManifest.xml:30:17-78
128                android:value="androidx.startup" />
128-->[androidx.lifecycle:lifecycle-process:2.6.2] AndroidManifest.xml:31:17-49
129            <meta-data
129-->[androidx.profileinstaller:profileinstaller:1.3.1] AndroidManifest.xml:29:13-31:52
130                android:name="androidx.profileinstaller.ProfileInstallerInitializer"
130-->[androidx.profileinstaller:profileinstaller:1.3.1] AndroidManifest.xml:30:17-85
131                android:value="androidx.startup" />
131-->[androidx.profileinstaller:profileinstaller:1.3.1] AndroidManifest.xml:31:17-49
132        </provider>
133
134        <receiver
134-->[androidx.profileinstaller:profileinstaller:1.3.1] AndroidManifest.xml:34:9-52:20
135            android:name="androidx.profileinstaller.ProfileInstallReceiver"
135-->[androidx.profileinstaller:profileinstaller:1.3.1] AndroidManifest.xml:35:13-76
136            android:directBootAware="false"
136-->[androidx.profileinstaller:profileinstaller:1.3.1] AndroidManifest.xml:36:13-44
137            android:enabled="true"
137-->[androidx.profileinstaller:profileinstaller:1.3.1] AndroidManifest.xml:37:13-35
138            android:exported="true"
138-->[androidx.profileinstaller:profileinstaller:1.3.1] AndroidManifest.xml:38:13-36
139            android:permission="android.permission.DUMP" >
139-->[androidx.profileinstaller:profileinstaller:1.3.1] AndroidManifest.xml:39:13-57
140            <intent-filter>
140-->[androidx.profileinstaller:profileinstaller:1.3.1] AndroidManifest.xml:40:13-42:29
141                <action android:name="androidx.profileinstaller.action.INSTALL_PROFILE" />
141-->[androidx.profileinstaller:profileinstaller:1.3.1] AndroidManifest.xml:41:17-91
141-->[androidx.profileinstaller:profileinstaller:1.3.1] AndroidManifest.xml:41:25-88
142            </intent-filter>
143            <intent-filter>
143-->[androidx.profileinstaller:profileinstaller:1.3.1] AndroidManifest.xml:43:13-45:29
144                <action android:name="androidx.profileinstaller.action.SKIP_FILE" />
144-->[androidx.profileinstaller:profileinstaller:1.3.1] AndroidManifest.xml:44:17-85
144-->[androidx.profileinstaller:profileinstaller:1.3.1] AndroidManifest.xml:44:25-82
145            </intent-filter>
146            <intent-filter>
146-->[androidx.profileinstaller:profileinstaller:1.3.1] AndroidManifest.xml:46:13-48:29
147                <action android:name="androidx.profileinstaller.action.SAVE_PROFILE" />
147-->[androidx.profileinstaller:profileinstaller:1.3.1] AndroidManifest.xml:47:17-88
147-->[androidx.profileinstaller:profileinstaller:1.3.1] AndroidManifest.xml:47:25-85
148            </intent-filter>
149            <intent-filter>
149-->[androidx.profileinstaller:profileinstaller:1.3.1] AndroidManifest.xml:49:13-51:29
150                <action android:name="androidx.profileinstaller.action.BENCHMARK_OPERATION" />
150-->[androidx.profileinstaller:profileinstaller:1.3.1] AndroidManifest.xml:50:17-95
150-->[androidx.profileinstaller:profileinstaller:1.3.1] AndroidManifest.xml:50:25-92
151            </intent-filter>
152        </receiver>
153    </application>
154
155</manifest>